<?xml version="1.0" encoding="UTF-8"?>
<!-- Generated by org.testng.reporters.JUnitReportReporter -->
<testsuite skipped="0" hostname="DESKTOP-C4DB2QQ" name="TestCase.TestCase" tests="1" failures="0" timestamp="27 Aug 2024 23:26:05 GMT" time="15.030" errors="0">
  <testcase name="test1" time="15.030" classname="TestCase.TestCase"/>
</testsuite> <!-- TestCase.TestCase -->
